Performing C SOURCE FILE Test CMAKE_HAVE_LIBC_PTHREAD failed with the following output:
Change Dir: /home/zika/ROS/build/CMakeFiles/CMakeTmp

Run Build Command(s):/usr/bin/make cmTC_f9773/fast && /usr/bin/make -f CMakeFiles/cmTC_f9773.dir/build.make CMakeFiles/cmTC_f9773.dir/build
make[1]: Entering directory '/home/zika/ROS/build/CMakeFiles/CMakeTmp'
Building C object CMakeFiles/cmTC_f9773.dir/src.c.o
/usr/bin/cc   -DCMAKE_HAVE_LIBC_PTHREAD   -o CMakeFiles/cmTC_f9773.dir/src.c.o   -c /home/zika/ROS/build/CMakeFiles/CMakeTmp/src.c
Linking C executable cmTC_f9773
/usr/bin/cmake -E cmake_link_script CMakeFiles/cmTC_f9773.dir/link.txt --verbose=1
/usr/bin/cc  -DCMAKE_HAVE_LIBC_PTHREAD    -rdynamic CMakeFiles/cmTC_f9773.dir/src.c.o  -o cmTC_f9773 
/usr/bin/ld: CMakeFiles/cmTC_f9773.dir/src.c.o: in function `main':
src.c:(.text+0x46): undefined reference to `pthread_create'
/usr/bin/ld: src.c:(.text+0x52): undefined reference to `pthread_detach'
/usr/bin/ld: src.c:(.text+0x63): undefined reference to `pthread_join'
collect2: error: ld returned 1 exit status
make[1]: *** [CMakeFiles/cmTC_f9773.dir/build.make:87: cmTC_f9773] Error 1
make[1]: Leaving directory '/home/zika/ROS/build/CMakeFiles/CMakeTmp'
make: *** [Makefile:121: cmTC_f9773/fast] Error 2


Source file was:
#include <pthread.h>

void* test_func(void* data)
{
  return data;
}

int main(void)
{
  pthread_t thread;
  pthread_create(&thread, NULL, test_func, NULL);
  pthread_detach(thread);
  pthread_join(thread, NULL);
  pthread_atfork(NULL, NULL, NULL);
  pthread_exit(NULL);

  return 0;
}

Determining if the function pthread_create exists in the pthreads failed with the following output:
Change Dir: /home/zika/ROS/build/CMakeFiles/CMakeTmp

Run Build Command(s):/usr/bin/make cmTC_35ce6/fast && /usr/bin/make -f CMakeFiles/cmTC_35ce6.dir/build.make CMakeFiles/cmTC_35ce6.dir/build
make[1]: Entering directory '/home/zika/ROS/build/CMakeFiles/CMakeTmp'
Building C object CMakeFiles/cmTC_35ce6.dir/CheckFunctionExists.c.o
/usr/bin/cc   -DCHECK_FUNCTION_EXISTS=pthread_create   -o CMakeFiles/cmTC_35ce6.dir/CheckFunctionExists.c.o   -c /usr/share/cmake-3.16/Modules/CheckFunctionExists.c
Linking C executable cmTC_35ce6
/usr/bin/cmake -E cmake_link_script CMakeFiles/cmTC_35ce6.dir/link.txt --verbose=1
/usr/bin/cc  -DCHECK_FUNCTION_EXISTS=pthread_create    -rdynamic CMakeFiles/cmTC_35ce6.dir/CheckFunctionExists.c.o  -o cmTC_35ce6  -lpthreads 
/usr/bin/ld: cannot find -lpthreads
collect2: error: ld returned 1 exit status
make[1]: *** [CMakeFiles/cmTC_35ce6.dir/build.make:87: cmTC_35ce6] Error 1
make[1]: Leaving directory '/home/zika/ROS/build/CMakeFiles/CMakeTmp'
make: *** [Makefile:121: cmTC_35ce6/fast] Error 2



Performing C SOURCE FILE Test CMAKE_HAVE_LIBC_PTHREAD failed with the following output:
Change Dir: /home/zika/ROS/build/CMakeFiles/CMakeTmp

Run Build Command(s):/usr/bin/make cmTC_7e303/fast && make[1]: Entering directory '/home/zika/ROS/build/CMakeFiles/CMakeTmp'
/usr/bin/make -f CMakeFiles/cmTC_7e303.dir/build.make CMakeFiles/cmTC_7e303.dir/build
make[2]: Entering directory '/home/zika/ROS/build/CMakeFiles/CMakeTmp'
Building C object CMakeFiles/cmTC_7e303.dir/src.c.o
/usr/bin/cc   -DCMAKE_HAVE_LIBC_PTHREAD   -o CMakeFiles/cmTC_7e303.dir/src.c.o   -c /home/zika/ROS/build/CMakeFiles/CMakeTmp/src.c
Linking C executable cmTC_7e303
/usr/bin/cmake -E cmake_link_script CMakeFiles/cmTC_7e303.dir/link.txt --verbose=1
/usr/bin/cc  -DCMAKE_HAVE_LIBC_PTHREAD    -rdynamic CMakeFiles/cmTC_7e303.dir/src.c.o  -o cmTC_7e303 
/usr/bin/ld: CMakeFiles/cmTC_7e303.dir/src.c.o: in function `main':
src.c:(.text+0x46): undefined reference to `pthread_create'
/usr/bin/ld: src.c:(.text+0x52): undefined reference to `pthread_detach'
/usr/bin/ld: src.c:(.text+0x63): undefined reference to `pthread_join'
collect2: error: ld returned 1 exit status
make[2]: *** [CMakeFiles/cmTC_7e303.dir/build.make:87: cmTC_7e303] Error 1
make[2]: Leaving directory '/home/zika/ROS/build/CMakeFiles/CMakeTmp'
make[1]: *** [Makefile:121: cmTC_7e303/fast] Error 2
make[1]: Leaving directory '/home/zika/ROS/build/CMakeFiles/CMakeTmp'


Source file was:
#include <pthread.h>

void* test_func(void* data)
{
  return data;
}

int main(void)
{
  pthread_t thread;
  pthread_create(&thread, NULL, test_func, NULL);
  pthread_detach(thread);
  pthread_join(thread, NULL);
  pthread_atfork(NULL, NULL, NULL);
  pthread_exit(NULL);

  return 0;
}

Determining if the function pthread_create exists in the pthreads failed with the following output:
Change Dir: /home/zika/ROS/build/CMakeFiles/CMakeTmp

Run Build Command(s):/usr/bin/make cmTC_c183a/fast && make[1]: Entering directory '/home/zika/ROS/build/CMakeFiles/CMakeTmp'
/usr/bin/make -f CMakeFiles/cmTC_c183a.dir/build.make CMakeFiles/cmTC_c183a.dir/build
make[2]: Entering directory '/home/zika/ROS/build/CMakeFiles/CMakeTmp'
Building C object CMakeFiles/cmTC_c183a.dir/CheckFunctionExists.c.o
/usr/bin/cc   -DCHECK_FUNCTION_EXISTS=pthread_create   -o CMakeFiles/cmTC_c183a.dir/CheckFunctionExists.c.o   -c /usr/share/cmake-3.16/Modules/CheckFunctionExists.c
Linking C executable cmTC_c183a
/usr/bin/cmake -E cmake_link_script CMakeFiles/cmTC_c183a.dir/link.txt --verbose=1
/usr/bin/cc  -DCHECK_FUNCTION_EXISTS=pthread_create    -rdynamic CMakeFiles/cmTC_c183a.dir/CheckFunctionExists.c.o  -o cmTC_c183a  -lpthreads 
/usr/bin/ld: cannot find -lpthreads
collect2: error: ld returned 1 exit status
make[2]: *** [CMakeFiles/cmTC_c183a.dir/build.make:87: cmTC_c183a] Error 1
make[2]: Leaving directory '/home/zika/ROS/build/CMakeFiles/CMakeTmp'
make[1]: *** [Makefile:121: cmTC_c183a/fast] Error 2
make[1]: Leaving directory '/home/zika/ROS/build/CMakeFiles/CMakeTmp'



Performing C SOURCE FILE Test CMAKE_HAVE_LIBC_PTHREAD failed with the following output:
Change Dir: /home/zika/ROS/build/CMakeFiles/CMakeTmp

Run Build Command(s):/usr/bin/make cmTC_9f3ee/fast && /usr/bin/make -f CMakeFiles/cmTC_9f3ee.dir/build.make CMakeFiles/cmTC_9f3ee.dir/build
make[1]: Entering directory '/home/zika/ROS/build/CMakeFiles/CMakeTmp'
Building C object CMakeFiles/cmTC_9f3ee.dir/src.c.o
/usr/bin/cc   -DCMAKE_HAVE_LIBC_PTHREAD   -o CMakeFiles/cmTC_9f3ee.dir/src.c.o   -c /home/zika/ROS/build/CMakeFiles/CMakeTmp/src.c
Linking C executable cmTC_9f3ee
/usr/bin/cmake -E cmake_link_script CMakeFiles/cmTC_9f3ee.dir/link.txt --verbose=1
/usr/bin/cc  -DCMAKE_HAVE_LIBC_PTHREAD    -rdynamic CMakeFiles/cmTC_9f3ee.dir/src.c.o  -o cmTC_9f3ee 
/usr/bin/ld: CMakeFiles/cmTC_9f3ee.dir/src.c.o: in function `main':
src.c:(.text+0x46): undefined reference to `pthread_create'
/usr/bin/ld: src.c:(.text+0x52): undefined reference to `pthread_detach'
/usr/bin/ld: src.c:(.text+0x63): undefined reference to `pthread_join'
collect2: error: ld returned 1 exit status
make[1]: *** [CMakeFiles/cmTC_9f3ee.dir/build.make:87: cmTC_9f3ee] Error 1
make[1]: Leaving directory '/home/zika/ROS/build/CMakeFiles/CMakeTmp'
make: *** [Makefile:121: cmTC_9f3ee/fast] Error 2


Source file was:
#include <pthread.h>

void* test_func(void* data)
{
  return data;
}

int main(void)
{
  pthread_t thread;
  pthread_create(&thread, NULL, test_func, NULL);
  pthread_detach(thread);
  pthread_join(thread, NULL);
  pthread_atfork(NULL, NULL, NULL);
  pthread_exit(NULL);

  return 0;
}

Determining if the function pthread_create exists in the pthreads failed with the following output:
Change Dir: /home/zika/ROS/build/CMakeFiles/CMakeTmp

Run Build Command(s):/usr/bin/make cmTC_3610e/fast && /usr/bin/make -f CMakeFiles/cmTC_3610e.dir/build.make CMakeFiles/cmTC_3610e.dir/build
make[1]: Entering directory '/home/zika/ROS/build/CMakeFiles/CMakeTmp'
Building C object CMakeFiles/cmTC_3610e.dir/CheckFunctionExists.c.o
/usr/bin/cc   -DCHECK_FUNCTION_EXISTS=pthread_create   -o CMakeFiles/cmTC_3610e.dir/CheckFunctionExists.c.o   -c /usr/share/cmake-3.16/Modules/CheckFunctionExists.c
Linking C executable cmTC_3610e
/usr/bin/cmake -E cmake_link_script CMakeFiles/cmTC_3610e.dir/link.txt --verbose=1
/usr/bin/cc  -DCHECK_FUNCTION_EXISTS=pthread_create    -rdynamic CMakeFiles/cmTC_3610e.dir/CheckFunctionExists.c.o  -o cmTC_3610e  -lpthreads 
/usr/bin/ld: cannot find -lpthreads
collect2: error: ld returned 1 exit status
make[1]: *** [CMakeFiles/cmTC_3610e.dir/build.make:87: cmTC_3610e] Error 1
make[1]: Leaving directory '/home/zika/ROS/build/CMakeFiles/CMakeTmp'
make: *** [Makefile:121: cmTC_3610e/fast] Error 2



Performing C SOURCE FILE Test CMAKE_HAVE_LIBC_PTHREAD failed with the following output:
Change Dir: /home/zika/ROS/build/CMakeFiles/CMakeTmp

Run Build Command(s):/usr/bin/make cmTC_33831/fast && /usr/bin/make -f CMakeFiles/cmTC_33831.dir/build.make CMakeFiles/cmTC_33831.dir/build
make[1]: Entering directory '/home/zika/ROS/build/CMakeFiles/CMakeTmp'
Building C object CMakeFiles/cmTC_33831.dir/src.c.o
/usr/bin/cc   -DCMAKE_HAVE_LIBC_PTHREAD   -o CMakeFiles/cmTC_33831.dir/src.c.o   -c /home/zika/ROS/build/CMakeFiles/CMakeTmp/src.c
Linking C executable cmTC_33831
/usr/bin/cmake -E cmake_link_script CMakeFiles/cmTC_33831.dir/link.txt --verbose=1
/usr/bin/cc  -DCMAKE_HAVE_LIBC_PTHREAD    -rdynamic CMakeFiles/cmTC_33831.dir/src.c.o  -o cmTC_33831 
/usr/bin/ld: CMakeFiles/cmTC_33831.dir/src.c.o: in function `main':
src.c:(.text+0x46): undefined reference to `pthread_create'
/usr/bin/ld: src.c:(.text+0x52): undefined reference to `pthread_detach'
/usr/bin/ld: src.c:(.text+0x63): undefined reference to `pthread_join'
collect2: error: ld returned 1 exit status
make[1]: *** [CMakeFiles/cmTC_33831.dir/build.make:87: cmTC_33831] Error 1
make[1]: Leaving directory '/home/zika/ROS/build/CMakeFiles/CMakeTmp'
make: *** [Makefile:121: cmTC_33831/fast] Error 2


Source file was:
#include <pthread.h>

void* test_func(void* data)
{
  return data;
}

int main(void)
{
  pthread_t thread;
  pthread_create(&thread, NULL, test_func, NULL);
  pthread_detach(thread);
  pthread_join(thread, NULL);
  pthread_atfork(NULL, NULL, NULL);
  pthread_exit(NULL);

  return 0;
}

Determining if the function pthread_create exists in the pthreads failed with the following output:
Change Dir: /home/zika/ROS/build/CMakeFiles/CMakeTmp

Run Build Command(s):/usr/bin/make cmTC_6930a/fast && /usr/bin/make -f CMakeFiles/cmTC_6930a.dir/build.make CMakeFiles/cmTC_6930a.dir/build
make[1]: Entering directory '/home/zika/ROS/build/CMakeFiles/CMakeTmp'
Building C object CMakeFiles/cmTC_6930a.dir/CheckFunctionExists.c.o
/usr/bin/cc   -DCHECK_FUNCTION_EXISTS=pthread_create   -o CMakeFiles/cmTC_6930a.dir/CheckFunctionExists.c.o   -c /usr/share/cmake-3.16/Modules/CheckFunctionExists.c
Linking C executable cmTC_6930a
/usr/bin/cmake -E cmake_link_script CMakeFiles/cmTC_6930a.dir/link.txt --verbose=1
/usr/bin/cc  -DCHECK_FUNCTION_EXISTS=pthread_create    -rdynamic CMakeFiles/cmTC_6930a.dir/CheckFunctionExists.c.o  -o cmTC_6930a  -lpthreads 
/usr/bin/ld: cannot find -lpthreads
collect2: error: ld returned 1 exit status
make[1]: *** [CMakeFiles/cmTC_6930a.dir/build.make:87: cmTC_6930a] Error 1
make[1]: Leaving directory '/home/zika/ROS/build/CMakeFiles/CMakeTmp'
make: *** [Makefile:121: cmTC_6930a/fast] Error 2



Performing C SOURCE FILE Test CMAKE_HAVE_LIBC_PTHREAD failed with the following output:
Change Dir: /home/zika/ROS/build/CMakeFiles/CMakeTmp

Run Build Command(s):/usr/bin/make cmTC_dcfdd/fast && /usr/bin/make -f CMakeFiles/cmTC_dcfdd.dir/build.make CMakeFiles/cmTC_dcfdd.dir/build
make[1]: Entering directory '/home/zika/ROS/build/CMakeFiles/CMakeTmp'
Building C object CMakeFiles/cmTC_dcfdd.dir/src.c.o
/usr/bin/cc   -DCMAKE_HAVE_LIBC_PTHREAD   -o CMakeFiles/cmTC_dcfdd.dir/src.c.o   -c /home/zika/ROS/build/CMakeFiles/CMakeTmp/src.c
Linking C executable cmTC_dcfdd
/usr/bin/cmake -E cmake_link_script CMakeFiles/cmTC_dcfdd.dir/link.txt --verbose=1
/usr/bin/cc  -DCMAKE_HAVE_LIBC_PTHREAD    -rdynamic CMakeFiles/cmTC_dcfdd.dir/src.c.o  -o cmTC_dcfdd 
/usr/bin/ld: CMakeFiles/cmTC_dcfdd.dir/src.c.o: in function `main':
src.c:(.text+0x46): undefined reference to `pthread_create'
/usr/bin/ld: src.c:(.text+0x52): undefined reference to `pthread_detach'
/usr/bin/ld: src.c:(.text+0x63): undefined reference to `pthread_join'
collect2: error: ld returned 1 exit status
make[1]: *** [CMakeFiles/cmTC_dcfdd.dir/build.make:87: cmTC_dcfdd] Error 1
make[1]: Leaving directory '/home/zika/ROS/build/CMakeFiles/CMakeTmp'
make: *** [Makefile:121: cmTC_dcfdd/fast] Error 2


Source file was:
#include <pthread.h>

void* test_func(void* data)
{
  return data;
}

int main(void)
{
  pthread_t thread;
  pthread_create(&thread, NULL, test_func, NULL);
  pthread_detach(thread);
  pthread_join(thread, NULL);
  pthread_atfork(NULL, NULL, NULL);
  pthread_exit(NULL);

  return 0;
}

Determining if the function pthread_create exists in the pthreads failed with the following output:
Change Dir: /home/zika/ROS/build/CMakeFiles/CMakeTmp

Run Build Command(s):/usr/bin/make cmTC_b5995/fast && /usr/bin/make -f CMakeFiles/cmTC_b5995.dir/build.make CMakeFiles/cmTC_b5995.dir/build
make[1]: Entering directory '/home/zika/ROS/build/CMakeFiles/CMakeTmp'
Building C object CMakeFiles/cmTC_b5995.dir/CheckFunctionExists.c.o
/usr/bin/cc   -DCHECK_FUNCTION_EXISTS=pthread_create   -o CMakeFiles/cmTC_b5995.dir/CheckFunctionExists.c.o   -c /usr/share/cmake-3.16/Modules/CheckFunctionExists.c
Linking C executable cmTC_b5995
/usr/bin/cmake -E cmake_link_script CMakeFiles/cmTC_b5995.dir/link.txt --verbose=1
/usr/bin/cc  -DCHECK_FUNCTION_EXISTS=pthread_create    -rdynamic CMakeFiles/cmTC_b5995.dir/CheckFunctionExists.c.o  -o cmTC_b5995  -lpthreads 
/usr/bin/ld: cannot find -lpthreads
collect2: error: ld returned 1 exit status
make[1]: *** [CMakeFiles/cmTC_b5995.dir/build.make:87: cmTC_b5995] Error 1
make[1]: Leaving directory '/home/zika/ROS/build/CMakeFiles/CMakeTmp'
make: *** [Makefile:121: cmTC_b5995/fast] Error 2



